{"contracts\\basicNft.sol":{"l":{"14":3,"18":15,"19":15,"20":15,"24":0,"25":0,"29":0},"path":"E:\\NFT_Marketplace\\contracts\\basicNft.sol","s":{"1":15,"2":15,"3":0,"4":0,"5":0},"b":{"1":[0,0]},"f":{"1":3,"2":15,"3":0,"4":0},"fnMap":{"1":{"name":"constructor","line":13,"loc":{"start":{"line":13,"column":4},"end":{"line":15,"column":4}}},"2":{"name":"mintNft","line":17,"loc":{"start":{"line":17,"column":4},"end":{"line":21,"column":4}}},"3":{"name":"tokenURI","line":23,"loc":{"start":{"line":23,"column":4},"end":{"line":26,"column":4}}},"4":{"name":"getTokenCounter","line":28,"loc":{"start":{"line":28,"column":4},"end":{"line":30,"column":4}}}},"statementMap":{"1":{"start":{"line":18,"column":8},"end":{"line":18,"column":44}},"2":{"start":{"line":19,"column":8},"end":{"line":19,"column":38}},"3":{"start":{"line":24,"column":8},"end":{"line":24,"column":83}},"4":{"start":{"line":25,"column":8},"end":{"line":25,"column":24}},"5":{"start":{"line":29,"column":8},"end":{"line":29,"column":29}}},"branchMap":{"1":{"line":24,"type":"if","locations":[{"start":{"line":24,"column":8},"end":{"line":24,"column":8}},{"start":{"line":24,"column":8},"end":{"line":24,"column":8}}]}}},"contracts\\basicNftTwo.sol":{"l":{"13":3,"17":0,"18":0,"19":0,"23":0,"24":0,"28":0},"path":"E:\\NFT_Marketplace\\contracts\\basicNftTwo.sol","s":{"1":0,"2":0,"3":0,"4":0,"5":0},"b":{"1":[0,0]},"f":{"1":3,"2":0,"3":0,"4":0},"fnMap":{"1":{"name":"constructor","line":12,"loc":{"start":{"line":12,"column":4},"end":{"line":14,"column":4}}},"2":{"name":"mintNft","line":16,"loc":{"start":{"line":16,"column":4},"end":{"line":20,"column":4}}},"3":{"name":"tokenURI","line":22,"loc":{"start":{"line":22,"column":4},"end":{"line":25,"column":4}}},"4":{"name":"getTokenCounter","line":27,"loc":{"start":{"line":27,"column":4},"end":{"line":29,"column":4}}}},"statementMap":{"1":{"start":{"line":17,"column":8},"end":{"line":17,"column":44}},"2":{"start":{"line":18,"column":8},"end":{"line":18,"column":38}},"3":{"start":{"line":23,"column":8},"end":{"line":23,"column":83}},"4":{"start":{"line":24,"column":8},"end":{"line":24,"column":24}},"5":{"start":{"line":28,"column":8},"end":{"line":28,"column":29}}},"branchMap":{"1":{"line":23,"type":"if","locations":[{"start":{"line":23,"column":8},"end":{"line":23,"column":8}},{"start":{"line":23,"column":8},"end":{"line":23,"column":8}}]}}},"contracts\\NftMarketplace.sol":{"l":{"52":13,"53":13,"54":1,"56":12,"60":9,"61":9,"62":3,"64":6,"72":17,"73":17,"74":17,"75":3,"77":14,"110":11,"111":0,"113":11,"114":11,"115":1,"117":10,"118":10,"130":1,"131":1,"156":3,"157":3,"158":1,"160":2,"163":2,"164":2,"165":2,"185":1,"186":0,"188":1,"189":1,"196":2,"197":2,"198":1,"200":1,"201":1,"202":1,"213":3,"217":2},"path":"E:\\NFT_Marketplace\\contracts\\NftMarketplace.sol","s":{"1":13,"2":13,"3":9,"4":9,"5":17,"6":17,"7":17,"8":11,"9":11,"10":11,"11":10,"12":1,"13":3,"14":3,"15":2,"16":2,"17":1,"18":1,"19":2,"20":2,"21":1,"22":1,"23":3,"24":2},"b":{"1":[1,12],"2":[3,6],"3":[3,14],"4":[12,1],"5":[11,1],"6":[0,11],"7":[1,10],"8":[2,1],"9":[1,1],"10":[3,1],"11":[3,0],"12":[1,2],"13":[2,1],"14":[2,0],"15":[1,1],"16":[0,1],"17":[1,1],"18":[1,0]},"f":{"1":13,"2":9,"3":17,"4":11,"5":1,"6":3,"7":1,"8":2,"9":3,"10":2},"fnMap":{"1":{"name":"notListed","line":51,"loc":{"start":{"line":51,"column":4},"end":{"line":57,"column":4}}},"2":{"name":"isListed","line":59,"loc":{"start":{"line":59,"column":4},"end":{"line":65,"column":4}}},"3":{"name":"isOwner","line":67,"loc":{"start":{"line":67,"column":4},"end":{"line":78,"column":4}}},"4":{"name":"listItem","line":109,"loc":{"start":{"line":105,"column":4},"end":{"line":119,"column":4}}},"5":{"name":"cancelListing","line":129,"loc":{"start":{"line":126,"column":4},"end":{"line":132,"column":4}}},"6":{"name":"buyItem","line":150,"loc":{"start":{"line":142,"column":4},"end":{"line":166,"column":4}}},"7":{"name":"updateListing","line":182,"loc":{"start":{"line":174,"column":4},"end":{"line":190,"column":4}}},"8":{"name":"withdrawProceeds","line":195,"loc":{"start":{"line":195,"column":4},"end":{"line":203,"column":4}}},"9":{"name":"getListing","line":209,"loc":{"start":{"line":209,"column":4},"end":{"line":214,"column":4}}},"10":{"name":"getProceeds","line":216,"loc":{"start":{"line":216,"column":4},"end":{"line":218,"column":4}}}},"statementMap":{"1":{"start":{"line":52,"column":8},"end":{"line":52,"column":64}},"2":{"start":{"line":53,"column":8},"end":{"line":53,"column":1658}},"3":{"start":{"line":60,"column":8},"end":{"line":60,"column":64}},"4":{"start":{"line":61,"column":8},"end":{"line":61,"column":1909}},"5":{"start":{"line":72,"column":8},"end":{"line":72,"column":41}},"6":{"start":{"line":73,"column":8},"end":{"line":73,"column":44}},"7":{"start":{"line":74,"column":8},"end":{"line":74,"column":2231}},"8":{"start":{"line":110,"column":8},"end":{"line":110,"column":3263}},"9":{"start":{"line":113,"column":8},"end":{"line":113,"column":41}},"10":{"start":{"line":114,"column":8},"end":{"line":114,"column":3389}},"11":{"start":{"line":118,"column":8},"end":{"line":118,"column":63}},"12":{"start":{"line":131,"column":8},"end":{"line":131,"column":58}},"13":{"start":{"line":156,"column":8},"end":{"line":156,"column":67}},"14":{"start":{"line":157,"column":8},"end":{"line":157,"column":5013}},"15":{"start":{"line":164,"column":8},"end":{"line":164,"column":83}},"16":{"start":{"line":165,"column":8},"end":{"line":165,"column":74}},"17":{"start":{"line":185,"column":8},"end":{"line":185,"column":6105}},"18":{"start":{"line":189,"column":8},"end":{"line":189,"column":66}},"19":{"start":{"line":196,"column":8},"end":{"line":196,"column":49}},"20":{"start":{"line":197,"column":8},"end":{"line":197,"column":6499}},"21":{"start":{"line":201,"column":8},"end":{"line":201,"column":72}},"22":{"start":{"line":202,"column":8},"end":{"line":202,"column":42}},"23":{"start":{"line":213,"column":8},"end":{"line":213,"column":46}},"24":{"start":{"line":217,"column":8},"end":{"line":217,"column":33}}},"branchMap":{"1":{"line":53,"type":"if","locations":[{"start":{"line":53,"column":8},"end":{"line":53,"column":8}},{"start":{"line":53,"column":8},"end":{"line":53,"column":8}}]},"2":{"line":61,"type":"if","locations":[{"start":{"line":61,"column":8},"end":{"line":61,"column":8}},{"start":{"line":61,"column":8},"end":{"line":61,"column":8}}]},"3":{"line":74,"type":"if","locations":[{"start":{"line":74,"column":8},"end":{"line":74,"column":8}},{"start":{"line":74,"column":8},"end":{"line":74,"column":8}}]},"4":{"line":109,"type":"if","locations":[{"start":{"line":109,"column":15},"end":{"line":109,"column":15}},{"start":{"line":109,"column":15},"end":{"line":109,"column":15}}]},"5":{"line":109,"type":"if","locations":[{"start":{"line":109,"column":46},"end":{"line":109,"column":46}},{"start":{"line":109,"column":46},"end":{"line":109,"column":46}}]},"6":{"line":110,"type":"if","locations":[{"start":{"line":110,"column":8},"end":{"line":110,"column":8}},{"start":{"line":110,"column":8},"end":{"line":110,"column":8}}]},"7":{"line":114,"type":"if","locations":[{"start":{"line":114,"column":8},"end":{"line":114,"column":8}},{"start":{"line":114,"column":8},"end":{"line":114,"column":8}}]},"8":{"line":129,"type":"if","locations":[{"start":{"line":129,"column":15},"end":{"line":129,"column":15}},{"start":{"line":129,"column":15},"end":{"line":129,"column":15}}]},"9":{"line":129,"type":"if","locations":[{"start":{"line":129,"column":56},"end":{"line":129,"column":56}},{"start":{"line":129,"column":56},"end":{"line":129,"column":56}}]},"10":{"line":148,"type":"if","locations":[{"start":{"line":148,"column":8},"end":{"line":148,"column":8}},{"start":{"line":148,"column":8},"end":{"line":148,"column":8}}]},"11":{"line":150,"type":"if","locations":[{"start":{"line":150,"column":8},"end":{"line":150,"column":8}},{"start":{"line":150,"column":8},"end":{"line":150,"column":8}}]},"12":{"line":157,"type":"if","locations":[{"start":{"line":157,"column":8},"end":{"line":157,"column":8}},{"start":{"line":157,"column":8},"end":{"line":157,"column":8}}]},"13":{"line":180,"type":"if","locations":[{"start":{"line":180,"column":8},"end":{"line":180,"column":8}},{"start":{"line":180,"column":8},"end":{"line":180,"column":8}}]},"14":{"line":181,"type":"if","locations":[{"start":{"line":181,"column":8},"end":{"line":181,"column":8}},{"start":{"line":181,"column":8},"end":{"line":181,"column":8}}]},"15":{"line":182,"type":"if","locations":[{"start":{"line":182,"column":8},"end":{"line":182,"column":8}},{"start":{"line":182,"column":8},"end":{"line":182,"column":8}}]},"16":{"line":185,"type":"if","locations":[{"start":{"line":185,"column":8},"end":{"line":185,"column":8}},{"start":{"line":185,"column":8},"end":{"line":185,"column":8}}]},"17":{"line":197,"type":"if","locations":[{"start":{"line":197,"column":8},"end":{"line":197,"column":8}},{"start":{"line":197,"column":8},"end":{"line":197,"column":8}}]},"18":{"line":202,"type":"if","locations":[{"start":{"line":202,"column":8},"end":{"line":202,"column":8}},{"start":{"line":202,"column":8},"end":{"line":202,"column":8}}]}}}}